<?xml version="1.0" encoding="UTF-8"?>
<testsuite name="com.restfulbooker.booker.cucumber.CucumberRunner" time="0.376" tests="44" errors="0" skipped="0" failures="0">
  <properties>
    <property name="idea.version" value="2022.2.2"/>
    <property name="java.runtime.name" value="Java(TM) SE Runtime Environment"/>
    <property name="sun.boot.library.path" value="C:\Program Files\Java\jdk1.8.0_121\jre\bin"/>
    <property name="java.vm.version" value="25.121-b13"/>
    <property name="java.vm.vendor" value="Oracle Corporation"/>
    <property name="maven.multiModuleProjectDirectory" value="C:\Users\harsp\IdeaProjects\Serenity Cucumber\p1-sw9-restful-booker-cucumber"/>
    <property name="java.vendor.url" value="http://java.oracle.com/"/>
    <property name="path.separator" value=";"/>
    <property name="guice.disable.misplaced.annotation.check" value="true"/>
    <property name="java.vm.name" value="Java HotSpot(TM) 64-Bit Server VM"/>
    <property name="file.encoding.pkg" value="sun.io"/>
    <property name="user.script" value=""/>
    <property name="user.country" value="GB"/>
    <property name="sun.java.launcher" value="SUN_STANDARD"/>
    <property name="sun.os.patch.level" value=""/>
    <property name="java.vm.specification.name" value="Java Virtual Machine Specification"/>
    <property name="user.dir" value="C:\Users\harsp\IdeaProjects\Serenity Cucumber\p1-sw9-restful-booker-cucumber"/>
    <property name="java.runtime.version" value="1.8.0_121-b13"/>
    <property name="java.awt.graphicsenv" value="sun.awt.Win32GraphicsEnvironment"/>
    <property name="java.endorsed.dirs" value="C:\Program Files\Java\jdk1.8.0_121\jre\lib\endorsed"/>
    <property name="os.arch" value="amd64"/>
    <property name="java.io.tmpdir" value="C:\Users\harsp\AppData\Local\Temp\"/>
    <property name="line.separator" value="&#10;"/>
    <property name="java.vm.specification.vendor" value="Oracle Corporation"/>
    <property name="user.variant" value=""/>
    <property name="os.name" value="Windows 10"/>
    <property name="maven.ext.class.path" value="C:\Program Files\JetBrains\IntelliJ IDEA Community Edition 2022.2.2\plugins\maven\lib\maven-event-listener.jar"/>
    <property name="classworlds.conf" value="C:\Program Files\JetBrains\IntelliJ IDEA Community Edition 2022.2.2\plugins\maven\lib\maven3\bin\m2.conf"/>
    <property name="sun.jnu.encoding" value="Cp1252"/>
    <property name="java.library.path" value="C:\Program Files\Java\jdk1.8.0_121\bin;C:\WINDOWS\Sun\Java\bin;C:\WINDOWS\system32;C:\WINDOWS;C:\ProgramData\Oracle\Java\javapath;C:\WINDOWS\system32;C:\WINDOWS;C:\WINDOWS\System32\Wbem;C:\WINDOWS\System32\WindowsPowerShell\v1.0\;C:\WINDOWS\System32\OpenSSH\;C:\Program Files\dotnet\;â€œC:\Program Files\Java\jdk1.8.0_121\bin;C:\Program Files\Git\cmd;C:\Program Files\Apache\apache-maven-3.8.6\bin;C:\Program Files\nodejs\;C:\Users\harsp\AppData\Local\Microsoft\WindowsApps;C:\Users\harsp\AppData\Roaming\npm;."/>
    <property name="maven.conf" value="C:\Program Files\JetBrains\IntelliJ IDEA Community Edition 2022.2.2\plugins\maven\lib\maven3/conf"/>
    <property name="java.specification.name" value="Java Platform API Specification"/>
    <property name="java.class.version" value="52.0"/>
    <property name="sun.management.compiler" value="HotSpot 64-Bit Tiered Compilers"/>
    <property name="os.version" value="10.0"/>
    <property name="user.home" value="C:\Users\harsp"/>
    <property name="user.timezone" value="Europe/London"/>
    <property name="java.awt.printerjob" value="sun.awt.windows.WPrinterJob"/>
    <property name="java.specification.version" value="1.8"/>
    <property name="file.encoding" value="UTF-8"/>
    <property name="user.name" value="harsp"/>
    <property name="java.class.path" value="C:\Program Files\JetBrains\IntelliJ IDEA Community Edition 2022.2.2\plugins\maven\lib\maven3\boot\plexus-classworlds-2.6.0.jar;C:\Program Files\JetBrains\IntelliJ IDEA Community Edition 2022.2.2\plugins\maven\lib\maven3\boot\plexus-classworlds.license;C:\Program Files\JetBrains\IntelliJ IDEA Community Edition 2022.2.2\lib\idea_rt.jar"/>
    <property name="java.vm.specification.version" value="1.8"/>
    <property name="sun.arch.data.model" value="64"/>
    <property name="java.home" value="C:\Program Files\Java\jdk1.8.0_121\jre"/>
    <property name="sun.java.command" value="org.codehaus.classworlds.Launcher -Didea.version=2022.2.2 clean verify serenity:aggregate"/>
    <property name="java.specification.vendor" value="Oracle Corporation"/>
    <property name="user.language" value="en"/>
    <property name="awt.toolkit" value="sun.awt.windows.WToolkit"/>
    <property name="java.vm.info" value="mixed mode"/>
    <property name="java.version" value="1.8.0_121"/>
    <property name="java.ext.dirs" value="C:\Program Files\Java\jdk1.8.0_121\jre\lib\ext;C:\WINDOWS\Sun\Java\lib\ext"/>
    <property name="sun.boot.class.path" value="C:\Program Files\Java\jdk1.8.0_121\jre\lib\resources.jar;C:\Program Files\Java\jdk1.8.0_121\jre\lib\rt.jar;C:\Program Files\Java\jdk1.8.0_121\jre\lib\sunrsasign.jar;C:\Program Files\Java\jdk1.8.0_121\jre\lib\jsse.jar;C:\Program Files\Java\jdk1.8.0_121\jre\lib\jce.jar;C:\Program Files\Java\jdk1.8.0_121\jre\lib\charsets.jar;C:\Program Files\Java\jdk1.8.0_121\jre\lib\jfr.jar;C:\Program Files\Java\jdk1.8.0_121\jre\classes"/>
    <property name="java.vendor" value="Oracle Corporation"/>
    <property name="maven.home" value="C:\Program Files\JetBrains\IntelliJ IDEA Community Edition 2022.2.2\plugins\maven\lib\maven3"/>
    <property name="file.separator" value="\"/>
    <property name="java.vendor.url.bug" value="http://bugreport.sun.com/bugreport/"/>
    <property name="sun.cpu.endian" value="little"/>
    <property name="sun.io.unicode.encoding" value="UnicodeLittle"/>
    <property name="sun.desktop" value="windows"/>
    <property name="sun.cpu.isalist" value="amd64"/>
  </properties>
  <testcase name="Given RestfulBooker application is running" classname="Scenario: As a user I am creating authorization token" time="0"/>
  <testcase name="When I enter username &quot;admin&quot; and password &quot;password123&quot;" classname="Scenario: As a user I am creating authorization token" time="0"/>
  <testcase name="Then I get authorization token" classname="Scenario: As a user I am creating authorization token" time="0"/>
  <testcase name="Scenario: As a user I am creating authorization token" classname="Scenario: As a user I am creating authorization token" time="0.197"/>
  <testcase name="When When I create a new booking by providing the information firstName &quot;Hari&quot; lastName &quot;Aum&quot; totalprice &quot;199&quot; depositpaid &quot;99&quot; checkin &quot;2022-01-16&quot;checkout &quot;2022-03-13&quot;additionalneeds &quot;Breakfast&quot;" classname="| Hari | Aum | 199 | 99 | 2022-01-16 | 2022-03-13 | Breakfast |" time="0"/>
  <testcase name="Then I verify that Booking with bookingId is created" classname="| Hari | Aum | 199 | 99 | 2022-01-16 | 2022-03-13 | Breakfast |" time="0"/>
  <testcase name="| Hari | Aum | 199 | 99 | 2022-01-16 | 2022-03-13 | Breakfast |" classname="| Hari | Aum | 199 | 99 | 2022-01-16 | 2022-03-13 | Breakfast |" time="0"/>
  <testcase name="When When I create a new booking by providing the information firstName &quot;Radha&quot; lastName &quot;Krishana&quot; totalprice &quot;299&quot; depositpaid &quot;99&quot; checkin &quot;2022-03-10&quot;checkout &quot;2022-06-19&quot;additionalneeds &quot;Breakfast&quot;" classname="| Radha | Krishana | 299 | 99 | 2022-03-10 | 2022-06-19 | Breakfast |" time="0"/>
  <testcase name="Then I verify that Booking with bookingId is created" classname="| Radha | Krishana | 299 | 99 | 2022-03-10 | 2022-06-19 | Breakfast |" time="0"/>
  <testcase name="| Radha | Krishana | 299 | 99 | 2022-03-10 | 2022-06-19 | Breakfast |" classname="| Radha | Krishana | 299 | 99 | 2022-03-10 | 2022-06-19 | Breakfast |" time="0"/>
  <testcase name="When When I create a new booking by providing the information firstName &quot;Krishana&quot; lastName &quot;Balram&quot; totalprice &quot;99&quot; depositpaid &quot;99&quot; checkin &quot;2022-04-25&quot;checkout &quot;2022-06-28&quot;additionalneeds &quot;Dinner&quot;" classname="| Krishana | Balram | 99 | 99 | 2022-04-25 | 2022-06-28 | Dinner |" time="0"/>
  <testcase name="Then I verify that Booking with bookingId is created" classname="| Krishana | Balram | 99 | 99 | 2022-04-25 | 2022-06-28 | Dinner |" time="0"/>
  <testcase name="| Krishana | Balram | 99 | 99 | 2022-04-25 | 2022-06-28 | Dinner |" classname="| Krishana | Balram | 99 | 99 | 2022-04-25 | 2022-06-28 | Dinner |" time="0.004"/>
  <testcase name="When When I create a new booking by providing the information firstName &quot;Jalaram&quot; lastName &quot;Bapa&quot; totalprice &quot;399&quot; depositpaid &quot;99&quot; checkin &quot;2022-03-22&quot;checkout &quot;2022-03-25&quot;additionalneeds &quot;Dinner&quot;" classname="| Jalaram | Bapa | 399 | 99 | 2022-03-22 | 2022-03-25 | Dinner |" time="0"/>
  <testcase name="Then I verify that Booking with bookingId is created" classname="| Jalaram | Bapa | 399 | 99 | 2022-03-22 | 2022-03-25 | Dinner |" time="0"/>
  <testcase name="| Jalaram | Bapa | 399 | 99 | 2022-03-22 | 2022-03-25 | Dinner |" classname="| Jalaram | Bapa | 399 | 99 | 2022-03-22 | 2022-03-25 | Dinner |" time="0"/>
  <testcase name="When When I create a new booking by providing the information firstName &quot;Hanuman&quot; lastName &quot;ShreeRam&quot; totalprice &quot;499&quot; depositpaid &quot;99&quot; checkin &quot;2022-05-14&quot;checkout &quot;2022-04-07&quot;additionalneeds &quot;Mainmeal&quot;" classname="| Hanuman | ShreeRam | 499 | 99 | 2022-05-14 | 2022-04-07 | Mainmeal |" time="0"/>
  <testcase name="Then I verify that Booking with bookingId is created" classname="| Hanuman | ShreeRam | 499 | 99 | 2022-05-14 | 2022-04-07 | Mainmeal |" time="0"/>
  <testcase name="| Hanuman | ShreeRam | 499 | 99 | 2022-05-14 | 2022-04-07 | Mainmeal |" classname="| Hanuman | ShreeRam | 499 | 99 | 2022-05-14 | 2022-04-07 | Mainmeal |" time="0.023"/>
  <testcase name="When I update a booking with firstName &quot;Hanuman1&quot; lastName &quot;ShreeRam&quot; totalPrice &quot;499&quot; depositPaid &quot;99&quot; checkIn &quot;2022-05-14&quot; checkOut &quot;2022-04-07&quot; additionalNeeds &quot;Mainmeal&quot;" classname="| Hanuman1 | ShreeRam | 499 | 99 | 2022-05-14 | 2022-04-07 | Mainmeal | 200 |" time="0"/>
  <testcase name="Then I verify the response has &quot;200&quot; status code" classname="| Hanuman1 | ShreeRam | 499 | 99 | 2022-05-14 | 2022-04-07 | Mainmeal | 200 |" time="0"/>
  <testcase name="| Hanuman1 | ShreeRam | 499 | 99 | 2022-05-14 | 2022-04-07 | Mainmeal | 200 |" classname="| Hanuman1 | ShreeRam | 499 | 99 | 2022-05-14 | 2022-04-07 | Mainmeal | 200 |" time="0.029"/>
  <testcase name="When I update partial booking with firstName &quot;Hanuman&quot; lastName &quot;ShreeRam1&quot; totalPrice &quot;499&quot; depositPaid &quot;99&quot; checkIn &quot;2022-05-14&quot; checkOut &quot;2022-04-07&quot; additionalNeeds &quot;Mainmeal&quot;" classname="| Hanuman | ShreeRam1 | 499 | 99 | 2022-05-14 | 2022-04-07 | Mainmeal | 200 |" time="0"/>
  <testcase name="Then I verify the response has &quot;200&quot; status code" classname="| Hanuman | ShreeRam1 | 499 | 99 | 2022-05-14 | 2022-04-07 | Mainmeal | 200 |" time="0"/>
  <testcase name="| Hanuman | ShreeRam1 | 499 | 99 | 2022-05-14 | 2022-04-07 | Mainmeal | 200 |" classname="| Hanuman | ShreeRam1 | 499 | 99 | 2022-05-14 | 2022-04-07 | Mainmeal | 200 |" time="0.029"/>
  <testcase name="When I delete the booking with bookingId" classname="| Shankar | Parvati | 999 | 899 | 2022-05-14 | 2022-04-07 | Mainmeal | 200 |" time="0"/>
  <testcase name="Then I verify the response has &quot;200&quot; status code" classname="| Shankar | Parvati | 999 | 899 | 2022-05-14 | 2022-04-07 | Mainmeal | 200 |" time="0"/>
  <testcase name="| Shankar | Parvati | 999 | 899 | 2022-05-14 | 2022-04-07 | Mainmeal | 200 |" classname="| Shankar | Parvati | 999 | 899 | 2022-05-14 | 2022-04-07 | Mainmeal | 200 |" time="0.031"/>
  <testcase name="Given RestfulBooker application is running" classname="| Shankar | Parvati | 499 | 100 | 2022-01-16 | 2022-03-13 | Breakfast |" time="0"/>
  <testcase name="When When I create a new booking by providing the information firstName &quot;Shankar&quot; lastName &quot;Parvati&quot; totalprice &quot;499&quot; depositpaid &quot;100&quot; checkin &quot;2022-01-16&quot;checkout &quot;2022-03-13&quot;additionalneeds &quot;Breakfast&quot;" classname="| Shankar | Parvati | 499 | 100 | 2022-01-16 | 2022-03-13 | Breakfast |" time="0"/>
  <testcase name="Then I verify that Booking with bookingId is created" classname="| Shankar | Parvati | 499 | 100 | 2022-01-16 | 2022-03-13 | Breakfast |" time="0"/>
  <testcase name="And I update a booking with firstName &quot;Shankar&quot; lastName &quot;Parvati&quot; totalPrice &quot;499&quot; depositPaid &quot;100&quot; checkIn &quot;2022-01-16&quot; checkOut &quot;2022-03-13&quot; additionalNeeds &quot;Breakfast&quot;" classname="| Shankar | Parvati | 499 | 100 | 2022-01-16 | 2022-03-13 | Breakfast |" time="0"/>
  <testcase name="And I update partial booking with firstName &quot;Shankar&quot; lastName &quot;Parvati&quot; totalPrice &quot;499&quot; depositPaid &quot;100&quot; checkIn &quot;2022-01-16&quot; checkOut &quot;2022-03-13&quot; additionalNeeds &quot;Breakfast&quot;" classname="| Shankar | Parvati | 499 | 100 | 2022-01-16 | 2022-03-13 | Breakfast |" time="0"/>
  <testcase name="And I delete the booking with bookingId" classname="| Shankar | Parvati | 499 | 100 | 2022-01-16 | 2022-03-13 | Breakfast |" time="0"/>
  <testcase name="Then I verify the response has &quot;&lt;code&gt;&quot; status code" classname="| Shankar | Parvati | 499 | 100 | 2022-01-16 | 2022-03-13 | Breakfast |" time="0"/>
  <testcase name="| Shankar | Parvati | 499 | 100 | 2022-01-16 | 2022-03-13 | Breakfast |" classname="| Shankar | Parvati | 499 | 100 | 2022-01-16 | 2022-03-13 | Breakfast |" time="0.001"/>
  <testcase name="Given RestfulBooker application is running" classname="| Radha | Krishana | 299 | 100 | 2022-03-10 | 2022-06-19 | Breakfast |" time="0"/>
  <testcase name="When When I create a new booking by providing the information firstName &quot;Radha&quot; lastName &quot;Krishana&quot; totalprice &quot;299&quot; depositpaid &quot;100&quot; checkin &quot;2022-03-10&quot;checkout &quot;2022-06-19&quot;additionalneeds &quot;Breakfast&quot;" classname="| Radha | Krishana | 299 | 100 | 2022-03-10 | 2022-06-19 | Breakfast |" time="0"/>
  <testcase name="Then I verify that Booking with bookingId is created" classname="| Radha | Krishana | 299 | 100 | 2022-03-10 | 2022-06-19 | Breakfast |" time="0"/>
  <testcase name="And I update a booking with firstName &quot;Radha&quot; lastName &quot;Krishana&quot; totalPrice &quot;299&quot; depositPaid &quot;100&quot; checkIn &quot;2022-03-10&quot; checkOut &quot;2022-06-19&quot; additionalNeeds &quot;Breakfast&quot;" classname="| Radha | Krishana | 299 | 100 | 2022-03-10 | 2022-06-19 | Breakfast |" time="0"/>
  <testcase name="And I update partial booking with firstName &quot;Radha&quot; lastName &quot;Krishana&quot; totalPrice &quot;299&quot; depositPaid &quot;100&quot; checkIn &quot;2022-03-10&quot; checkOut &quot;2022-06-19&quot; additionalNeeds &quot;Breakfast&quot;" classname="| Radha | Krishana | 299 | 100 | 2022-03-10 | 2022-06-19 | Breakfast |" time="0"/>
  <testcase name="And I delete the booking with bookingId" classname="| Radha | Krishana | 299 | 100 | 2022-03-10 | 2022-06-19 | Breakfast |" time="0"/>
  <testcase name="Then I verify the response has &quot;&lt;code&gt;&quot; status code" classname="| Radha | Krishana | 299 | 100 | 2022-03-10 | 2022-06-19 | Breakfast |" time="0"/>
  <testcase name="| Radha | Krishana | 299 | 100 | 2022-03-10 | 2022-06-19 | Breakfast |" classname="| Radha | Krishana | 299 | 100 | 2022-03-10 | 2022-06-19 | Breakfast |" time="0.062"/>
</testsuite>